<?xml version="1.0" encoding="UTF-8"?>
<!-- Generated by org.testng.reporters.JUnitReportReporter -->
<testsuite skipped="0" hostname="qaplanet4" name="TestScripts.Tc3" tests="1" failures="0" timestamp="10 Jan 2018 06:04:15 GMT" time="25.401" errors="0">
  <testcase name="EditEmp" time="25.401" classname="TestScripts.Tc3"/>
</testsuite> <!-- TestScripts.Tc3 -->
