<?xml version="1.0" encoding="UTF-8"?>
<!-- Generated by org.testng.reporters.JUnitReportReporter -->
<testsuite skipped="0" hostname="qaplanet4" name="TestScripts.Tc1" tests="1" failures="0" timestamp="04 Jan 2018 10:40:27 GMT" time="9.607" errors="0">
  <testcase name="verifyorange" time="9.607" classname="TestScripts.Tc1"/>
</testsuite> <!-- TestScripts.Tc1 -->
