<?xml version="1.0" encoding="UTF-8"?>
<!-- Generated by org.testng.reporters.JUnitReportReporter -->
<testsuite skipped="0" hostname="qaplanet4" name="TestScripts.Tc2" tests="1" failures="0" timestamp="05 Jan 2018 13:50:15 GMT" time="15.607" errors="0">
  <testcase name="AddEmployee" time="15.607" classname="TestScripts.Tc2"/>
</testsuite> <!-- TestScripts.Tc2 -->
