<?xml version="1.0" encoding="UTF-8"?>
<!-- Generated by org.testng.reporters.JUnitReportReporter -->
<testsuite skipped="0" hostname="qaplanet4" name="TestScripts.Tc4" tests="1" failures="0" timestamp="05 Jan 2018 13:55:19 GMT" time="13.630" errors="0">
  <testcase name="DeleteEmp" time="13.630" classname="TestScripts.Tc4"/>
</testsuite> <!-- TestScripts.Tc4 -->
