<?xml version="1.0" encoding="UTF-8"?>
<!-- Generated by org.testng.reporters.JUnitReportReporter -->
<testsuite skipped="0" hostname="qaplanet4" name="testngEx.Ex2" tests="2" failures="0" timestamp="29 Dec 2017 12:10:50 GMT" time="0.026" errors="0">
  <testcase name="method3" time="0.007" classname="testngEx.Ex2"/>
  <testcase name="method4" time="0.019" classname="testngEx.Ex2"/>
</testsuite> <!-- testngEx.Ex2 -->
