<?xml version="1.0" encoding="UTF-8"?>
<!-- Generated by org.testng.reporters.JUnitReportReporter -->
<testsuite skipped="0" hostname="qaplanet4" name="testngEx.Ex1" tests="4" failures="0" timestamp="29 Dec 2017 11:48:59 GMT" time="0.009" errors="0">
  <testcase name="method3" time="0.001" classname="testngEx.Ex1"/>
  <testcase name="method4" time="0.001" classname="testngEx.Ex1"/>
  <testcase name="method4" time="0.001" classname="testngEx.Ex1"/>
  <testcase name="method3" time="0.006" classname="testngEx.Ex1"/>
</testsuite> <!-- testngEx.Ex1 -->
